[demos.creative-tim.com/soft-ui-dashboard-pro/pages/dashboards/default8100.html]
[demos.creative-tim.com/soft-ui-dashboard-pro/assets/img/apple-icon.png]
[demos.creative-tim.com/soft-ui-dashboard-pro/assets/img/favicon.png]
[backblue.gif]
[fade.gif]
[index.html]
[s3.amazonaws.com/creativetim_bucket/products/487/thumb/opt_sdp_thumbnail.jpg]
[demos.creative-tim.com/soft-ui-dashboard-pro/pages/dashboards/default.html]
[demos.creative-tim.com/soft-ui-dashboard-pro/assets/css/nucleo-icons.css]
[demos.creative-tim.com/soft-ui-dashboard-pro/assets/css/nucleo-svg.css]
[kit.fontawesome.com/42d5adcbca.js]
[demos.creative-tim.com/soft-ui-dashboard-pro/assets/css/soft-ui-dashboard.min9f1e.css]
[www.google-analytics.com/analytics.js]
[demos.creative-tim.com/soft-ui-dashboard-pro/assets/img/logo-ct-dark.png]
[demos.creative-tim.com/soft-ui-dashboard-pro/pages/dashboards/automotive.html]
[demos.creative-tim.com/soft-ui-dashboard-pro/pages/dashboards/smart-home.html]
[demos.creative-tim.com/soft-ui-dashboard-pro/pages/dashboards/vr/vr-default.html]
[demos.creative-tim.com/soft-ui-dashboard-pro/pages/dashboards/vr/vr-info.html]
[demos.creative-tim.com/soft-ui-dashboard-pro/pages/dashboards/crm.html]
[demos.creative-tim.com/soft-ui-dashboard-pro/assets/img/curved-images/white-curved.jpg]
[demos.creative-tim.com/soft-ui-dashboard-pro/assets/img/team-2.jpg]
[demos.creative-tim.com/soft-ui-dashboard-pro/assets/img/icons/flags/US.png]
[demos.creative-tim.com/soft-ui-dashboard-pro/assets/img/icons/flags/DE.png]
[demos.creative-tim.com/soft-ui-dashboard-pro/assets/img/icons/flags/GB.png]
[demos.creative-tim.com/soft-ui-dashboard-pro/assets/img/icons/flags/BR.png]
[demos.creative-tim.com/soft-ui-dashboard-pro/assets/js/core/popper.min.js]
[demos.creative-tim.com/soft-ui-dashboard-pro/assets/js/core/bootstrap.min.js]
[demos.creative-tim.com/soft-ui-dashboard-pro/assets/js/plugins/perfect-scrollbar.min.js]
[demos.creative-tim.com/soft-ui-dashboard-pro/assets/js/plugins/smooth-scrollbar.min.js]
[demos.creative-tim.com/soft-ui-dashboard-pro/assets/js/plugins/dragula/dragula.min.js]
[demos.creative-tim.com/soft-ui-dashboard-pro/assets/js/plugins/jkanban/jkanban.js]
[demos.creative-tim.com/soft-ui-dashboard-pro/assets/js/plugins/chartjs.min.js]
[demos.creative-tim.com/soft-ui-dashboard-pro/assets/js/plugins/threejs.js]
[demos.creative-tim.com/soft-ui-dashboard-pro/assets/js/plugins/orbit-controls.js]
[buttons.github.io/buttons.js]
[demos.creative-tim.com/soft-ui-dashboard-pro/assets/js/soft-ui-dashboard.min9f1e.js]
[demos.creative-tim.com/soft-ui-dashboard-pro/pages/dashboards/default8100.html]
[demos.creative-tim.com/soft-ui-dashboard-pro/pages/dashboards/default.html]
[demos.creative-tim.com/soft-ui-dashboard-pro/assets/css/nucleo-icons.css]
[demos.creative-tim.com/soft-ui-dashboard-pro/assets/css/nucleo-svg.css]
[demos.creative-tim.com/soft-ui-dashboard-pro/assets/css/images/layers.png]
[demos.creative-tim.com/soft-ui-dashboard-pro/assets/css/images/layers-2x.png]
[demos.creative-tim.com/soft-ui-dashboard-pro/assets/css/images/marker-icon.png]
[demos.creative-tim.com/soft-ui-dashboard-pro/assets/css/soft-ui-dashboard.min9f1e.css]
[www.googletagmanager.com/gtm5445.html]
[demos.creative-tim.com/soft-ui-dashboard-pro/assets/img/mercedes-eqc.png]
[demos.creative-tim.com/soft-ui-dashboard-pro/assets/img/curved-images/curved10.jpg]
[demos.creative-tim.com/soft-ui-dashboard-pro/assets/js/plugins/leaflet.js]
[demos.creative-tim.com/soft-ui-dashboard-pro/assets/js/plugins/nouislider.min.js]
[demos.creative-tim.com/soft-ui-dashboard-pro/pages/dashboards/automotive.html]
[demos.creative-tim.com/soft-ui-dashboard-pro/assets/img/bg-smart-home-1.jpg]
[demos.creative-tim.com/soft-ui-dashboard-pro/assets/img/bg-smart-home-2.jpg]
[demos.creative-tim.com/soft-ui-dashboard-pro/assets/img/home-decor-3.jpg]
[demos.creative-tim.com/soft-ui-dashboard-pro/assets/img/small-logos/icon-sun-cloud.png]
[demos.creative-tim.com/soft-ui-dashboard-pro/assets/js/plugins/choices.min.js]
[demos.creative-tim.com/soft-ui-dashboard-pro/assets/js/plugins/countup.min.js]
[demos.creative-tim.com/soft-ui-dashboard-pro/assets/js/plugins/round-slider.min.js]
[demos.creative-tim.com/soft-ui-dashboard-pro/pages/dashboards/smart-home.html]
[demos.creative-tim.com/soft-ui-dashboard-pro/assets/img/vr-bg.jpg]
[demos.creative-tim.com/soft-ui-dashboard-pro/pages/dashboards/vr/vr-default.html]
[demos.creative-tim.com/soft-ui-dashboard-pro/assets/img/team-1.jpg]
[demos.creative-tim.com/soft-ui-dashboard-pro/assets/img/curved-images/curved1.jpg]
[demos.creative-tim.com/soft-ui-dashboard-pro/assets/img/team-3.jpg]
[demos.creative-tim.com/soft-ui-dashboard-pro/assets/img/team-4.jpg]
[demos.creative-tim.com/soft-ui-dashboard-pro/pages/dashboards/vr/vr-info.html]
[demos.creative-tim.com/soft-ui-dashboard-pro/assets/img/ivancik.jpg]
[demos.creative-tim.com/soft-ui-dashboard-pro/assets/img/kal-visuals-square.jpg]
[demos.creative-tim.com/soft-ui-dashboard-pro/pages/dashboards/crm.html]
[demos.creative-tim.com/soft-ui-dashboard-pro/assets/css/images/layers.html]
[demos.creative-tim.com/soft-ui-dashboard-pro/assets/css/images/layers-2x.html]
[demos.creative-tim.com/soft-ui-dashboard-pro/assets/css/images/marker-icon.html]
[demos.creative-tim.com/soft-ui-dashboard-pro/assets/js/plugins/fullcalendar.min.js]
[{s}.basemaps.cartocdn.com/dark_all/{z}/{x}/{y}{r}.png]
